<?xml version="1.0" encoding="UTF-8"?>
<!-- Generated by org.testng.reporters.JUnitXMLReporter -->
<testsuite ignored="4" hostname="SUNIL-HPZ400" failures="0" tests="3" name="RegressionTest" time="6.661" errors="0" timestamp="2021-07-11T06:15:20 GST">
  <testcase classname="test.BasicValidationTest" name="verifyTitle" time="0.015"/>
  <testcase classname="test.BasicValidationTest" name="verifyUrl" time="0.008"/>
  <testcase classname="test.LoginTest" name="loginValidation" time="0.3"/>
  <testcase classname="test.Base" name="@BeforeTest beforeTest" time="0.0">
    <ignored/>
  </testcase> <!-- @BeforeTest beforeTest -->
  <testcase classname="test.Base" name="@BeforeTest beforeTest" time="0.0">
    <ignored/>
  </testcase> <!-- @BeforeTest beforeTest -->
  <testcase classname="test.Base" name="@AfterTest afterTest" time="0.0">
    <ignored/>
  </testcase> <!-- @AfterTest afterTest -->
  <testcase classname="test.Base" name="@AfterTest afterTest" time="0.0">
    <ignored/>
  </testcase> <!-- @AfterTest afterTest -->
</testsuite> <!-- RegressionTest -->
